[    0000] Itiizin cou subs uset[   0.00] Iniazinggrp suyspu
  .0000]nitiizg cgupubsys uat
[  00000]inx vesi 44.0-8-neic (uiddlgw0-1 (cc vsi 5.4 26060 (unu 5.0-bunt~104.4) 9-UbtuMP T A 27 :209 UC 17(Ubuntu 4.0-789-neri4.62)[  0.000] ommad ne BOOIME=/bt/linu-4.078enic rt=BEL=oumg-rtfro cso=ttycoole=yS
[  0.0000KEEL suportecpus
[  0.0000   IelenuiInel
[  0000] AMD thticA
   0.0000] CenurentaHas
[  .00000--------cut re]-------
[   00000]WANING CPU 0ID 0 a/bld/luxXAgc/lux4.4.ar/x86/kne/fpuste.c:7 u__it_sysem_xstte0x8b/05a)
[   00000] AVconstey prle dumngeave
[  0.000] Modesinkein
[  00000] U:0 PI 0omm:waer N tnted.4-78-nec #9Ubtu
  0.0000  0000000086213284726 ffff81e080fffff8f8dd
[  0.000  fffff81edc fffff81ca50ffffff1e3d8 ffff810802
[  0.0000] fffff81e0348ffffff1ee4c 00000000 0000000000[   .00000] llTrac
   0000]  ffffff3fd3>]umstac0x/0x90    0.000]  <fffff8113>] war_swpath_omon0x82xc
[  0.0000  ffffff1081c>warn_sowpa_fmtx50x80[   0.000]  ffffff817cd0>] xeaure_iz0x9/0x
    0000] <fffff1f218>fp__in_sstm_tae+0xb/x75a[   0000] <ffffff85d20>] ely_i_hdlerrr+0x10/12
[  00000] <fffff816cb8] u__it_stemx1/0x25    .000]  [fffffff68c>] elycpu_itx139x1e
[  0.0000 [fffff86dc8>] erly_u_it+039x13e[   0.000]  fffffff693>]et_arc0x/0xc
   0000]  fffffff520>] ely_i_hdler_aayx120x1
[   00000][<fffff85dc7] art_rn+0xe0x2
[  00000  ffffff81d120 ?arlyidhadlerrr+0x1/020
  0.000][<ffff81f5d339>]86_6stt_rervionsx20x2c
[    0.000000]  [<fffff81d4>] x_6start_rn+0x1/06d
  0.0000 -[ entre 4d5ff28c42 ]-
[  0000] UID[, ]: e=000007 eb000040cx=0000 ed000000[   0.000] UI0d, ]:ax=0000 eb0003c0cx000000ed0000000
   0.000 CPU[0 02]ea000000bx=0000 ec=000000 ed000000[   0.000] CUI0d 03]ea0000000eb=00000 ecx00000 ed000000
[   0000] CIDd, 0: x=0000 ebx00000 x=0000 ex=0000
[   .0000] CID0d, ]:eax=0000 ebx000000cx000000edx=00000   0.000] CPD[, 06 e=00000ebx=0000 e=00000ed000000
[  0.0000] UI[0d,7] eax00000 x=0000 e=00000edx=00000000
[  .00000CPD[0d 0: ax=00000 ex=0000 e=00000 ex=00000
[  0000] UID[0d09 eax00000 ebx000000 ecx00000 x=000000
[  0.0000 CID0d0a eax00000 ebx00000 ec000000dx00000[   .0000]PU[0d,b]eax=00000 eb000000cx0000000 dx=00000
  0.000]PUID[, ]: e=00000eb000000ec=00000edx=0000
  0.0000 CID[0 0]:eax=0000 e=00000 e=00000 edx00000[    0000] CIDd, 0: x=000000ebx=0000 e=00000ed000000
[  0.0000CPD[0d0f eax00000 x=0000 ex=00000 x=0000
[   0.000] CID0d, 10 e=00000ebx=0000 e=00000ed000000
[  0.0000CPD[0d 1: ax=00000ebx=0000 ecx000000dx00000[   0.000]86pu: ta_offt[:  576 xat_siz[2  256    0000] 6/u: Spptig XSE atur0x: 'x fatinpot reisrs
[  000000]86pu: pptingSA fearex02:SSregier
[   0.0000] 6/u: Spoing XSE eatu 04: 'X gistrs
[    0.000000] 86/f: ablexste ftus 0x, ntxt se  108bys, ungstanrdform.[   .0000]86pu: ing 'lzy' U ntexswches
[  0.000]e820BI-prodephysalAM m:[   .0000]IOe820[m 0x0000000000x00000009ffusabe    0.000]BIOS82: [memx0000000c00-0x000000ff] reseed
[  0.0000] OSe820[m 0x0000000000x0000000fffreseve
[   0.000]BIOS82 [me0x0000000000x00000fffff]sae
[  0000] OS-e0:mem 000000ff00-0000007ffff ACPda
[   .0000]IO-e20: emx00000ec000-000000c00f] serv
   0.000] BI-e0: [m 000000e000-0000000eefff]esved   0.0000]BIOS82 [me0x000000fc000-000000ffff] esve
[  00000]  (xecu Dsale) roteion:cte
[  0000] BIOS.5rese.[   .0000]ypvisodectedKV
[   .0000]e8: ast_n 0x7f0 x_arh_n  0x40000
  .0000]TRR:isabed
  0.0000 x/PATMTs dibl, skpi PATnializiotoo.[   0.00] x8PA Congution0-: WBWTUC-     WTUCUC  [   0.00] CP MRs al blk virtlid syst.
[  .00000fond S Mtable  [m 0x00ff-0x09ff] mpe a [fff80009ff
    .000] Scnng  are fr lo mor corupon
[   00000]AMSK: me0x6ae600-0376aff]    0000] PIEarl tlechecumvericaion saled    0.000] AI:SDP 00000000000 0002(v2 VBX )
[  000000ACI: XT 000000FF00 003C 01BOX   VBOXXSDT 00000001 ASL  00000061)
[    0.000000] ACPI: FACP 0x000000007FFF00F0 0000F4 (v04 VBOX   VBOXFACP 00000001 ASL  00000061)
[    0.000000] ACPI: DSDT 0x000000007FFF0470 00210F (v01 VBOX   VBOXBIOS 00000002 INTL 20100528)
[    0.000000] ACPI: FACS 0x000000007FF0000000[   .00000ACI: FS x00000FFF00 0040
[  000000]ACI:APIC 0x000000007FFF024 000C (v2 OX  VBXAC 000000ASL 0000061)[   0.000] APISSDT0x0000FF020 01 (v0 VX  VBOCP 00000 ITL20058)
  0.0000 N NUMcofiguatn fond
[   0.00000]akng ano at [m 0x0000000000000-0x000000fffff]
[  .00000 NE_DAA() lloced 